d:\mcad\mdev01t\mcad\mcmd2\debug\mcmd2.pch
d:\mcad\mdev01t\mcad\mcmd2\debug\vc141.pdb
d:\mcad\mdev01t\mcad\mcmd2\debug\stdafx.obj
d:\mcad\mdev01t\mcad\mcmd2\debug\mcmdhist.obj
d:\mcad\mdev01t\mcad\mcmd2\debug\mmdialoghist.obj
d:\mcad\mdev01t\mcad\mcmd2\debug\mcmd2.obj
d:\mcad\mdev01t\mcad\mcad\debug\mcmd2.ilk
d:\mcad\mdev01t\mcad\mcad\debug\mcmd2.dll
d:\mcad\mdev01t\mcad\mcad\debug\mcmd2.pdb
d:\mcad\mdev01t\mcad\mcad\debug\mcmd2.lib
d:\mcad\mdev01t\mcad\mcad\debug\mcmd2.exp
d:\mcad\mdev01t\mcad\mcmd2\debug\mcmd2.res
d:\mcad\mdev01t\mcad\mcmd2\debug\mcmd2.tlog\cl.command.1.tlog
d:\mcad\mdev01t\mcad\mcmd2\debug\mcmd2.tlog\cl.read.1.tlog
d:\mcad\mdev01t\mcad\mcmd2\debug\mcmd2.tlog\cl.write.1.tlog
d:\mcad\mdev01t\mcad\mcmd2\debug\mcmd2.tlog\link.command.1.tlog
d:\mcad\mdev01t\mcad\mcmd2\debug\mcmd2.tlog\link.read.1.tlog
d:\mcad\mdev01t\mcad\mcmd2\debug\mcmd2.tlog\link.write.1.tlog
d:\mcad\mdev01t\mcad\mcmd2\debug\mcmd2.tlog\mcmd2.write.1u.tlog
d:\mcad\mdev01t\mcad\mcmd2\debug\mcmd2.tlog\rc.command.1.tlog
d:\mcad\mdev01t\mcad\mcmd2\debug\mcmd2.tlog\rc.read.1.tlog
d:\mcad\mdev01t\mcad\mcmd2\debug\mcmd2.tlog\rc.write.1.tlog
