d:\mcad\mdev01t\mcad\md\debug\md.pch
d:\mcad\mdev01t\mcad\md\debug\vc141.pdb
d:\mcad\mdev01t\mcad\md\debug\stdafx.obj
d:\mcad\mdev01t\mcad\md\debug\mdwin.obj
d:\mcad\mdev01t\mcad\md\debug\mdue.obj
d:\mcad\mdev01t\mcad\md\debug\mdsystem.obj
d:\mcad\mdev01t\mcad\md\debug\mdscm.obj
d:\mcad\mdev01t\mcad\md\debug\mdmodel.obj
d:\mcad\mdev01t\mcad\md\debug\mdmessage.obj
d:\mcad\mdev01t\mcad\md\debug\mdment.obj
d:\mcad\mdev01t\mcad\md\debug\mdm.obj
d:\mcad\mdev01t\mcad\md\debug\mdlyr.obj
d:\mcad\mdev01t\mcad\md\debug\mdlight.obj
d:\mcad\mdev01t\mcad\md\debug\mdinp.obj
d:\mcad\mdev01t\mcad\md\debug\mdhyo.obj
d:\mcad\mdev01t\mcad\md\debug\mdgrp.obj
d:\mcad\mdev01t\mcad\md\debug\mdfigpmt.obj
d:\mcad\mdev01t\mcad\md\debug\mdexternalio.obj
d:\mcad\mdev01t\mcad\md\debug\mdent.obj
d:\mcad\mdev01t\mcad\md\debug\mddispcontrol.obj
d:\mcad\mdev01t\mcad\md\debug\mdatr.obj
d:\mcad\mdev01t\mcad\md\debug\h_mdfig.obj
d:\mcad\mdev01t\mcad\md\debug\md.obj
d:\mcad\mdev01t\mcad\md\debug\mmdragobject.obj
d:\mcad\mdev01t\mcad\md\debug\mmdrag.obj
d:\mcad\mdev01t\mcad\md\debug\mmcursor.obj
d:\mcad\mdev01t\mcad\md\debug\mdundoredo.obj
d:\mcad\mdev01t\mcad\md\debug\mdroofqueue.obj
d:\mcad\mdev01t\mcad\md\debug\mdpartsqueue.obj
d:\mcad\mdev01t\mcad\md\debug\mhroofinfo.obj
d:\mcad\mdev01t\mcad\md\debug\mhroof.obj
d:\mcad\mdev01t\mcad\md\debug\mhplcinfo.obj
d:\mcad\mdev01t\mcad\md\debug\mhparts.obj
d:\mcad\mdev01t\mcad\md\debug\mhopt.obj
d:\mcad\mdev01t\mcad\md\debug\mhmodel.obj
d:\mcad\mdev01t\mcad\md\debug\mhmdlio.obj
d:\mcad\mdev01t\mcad\md\debug\mhkiso.obj
d:\mcad\mdev01t\mcad\md\debug\mhkabe.obj
d:\mcad\mdev01t\mcad\md\debug\mhinp.obj
d:\mcad\mdev01t\mcad\md\debug\mhhist.obj
d:\mcad\mdev01t\mcad\md\debug\mhfile.obj
d:\mcad\mdev01t\mcad\md\debug\mdzukei.obj
d:\mcad\mdev01t\mcad\md\debug\mdzgeometry.obj
d:\mcad\mdev01t\mcad\md\debug\mmwndkdrawkabe.obj
d:\mcad\mdev01t\mcad\md\debug\mmwndkdraw.obj
d:\mcad\mdev01t\mcad\md\debug\mmwnd.obj
d:\mcad\mdev01t\mcad\md\debug\mmundoredo.obj
d:\mcad\mdev01t\mcad\md\debug\mmtenkai.obj
d:\mcad\mdev01t\mcad\md\debug\mmsystem.obj
d:\mcad\mdev01t\mcad\md\debug\mmsetdialog.obj
d:\mcad\mdev01t\mcad\md\debug\mmsetcurrentwndfocus.obj
d:\mcad\mdev01t\mcad\md\debug\mmroofplace.obj
d:\mcad\mdev01t\mcad\md\debug\mmprompt.obj
d:\mcad\mdev01t\mcad\md\debug\mmpresetcmd.obj
d:\mcad\mdev01t\mcad\md\debug\mmpartsplace.obj
d:\mcad\mdev01t\mcad\md\debug\mmopt.obj
d:\mcad\mdev01t\mcad\md\debug\mmmainframe.obj
d:\mcad\mdev01t\mcad\md\debug\mmkabe.obj
d:\mcad\mdev01t\mcad\md\debug\mmhitbuzai.obj
d:\mcad\mdev01t\mcad\md\debug\mmhist.obj
d:\mcad\mdev01t\mcad\md\debug\mmgridnum.obj
d:\mcad\mdev01t\mcad\md\debug\mmgetkosei.obj
d:\mcad\mdev01t\mcad\md\debug\mmdrawing.obj
d:\mcad\mdev01t\mcad\md\debug\mcinput.obj
d:\mcad\mdev01t\mcad\md\debug\mddisplist.obj
d:\mcad\mdev01t\mcad\md\debug\mmsdialogbarparts.obj
d:\mcad\mdev01t\mcad\md\debug\mmsdialogbarpanel.obj
d:\mcad\mdev01t\mcad\md\debug\mmsdialogbarinp.obj
d:\mcad\mdev01t\mcad\md\debug\mmsdialogbarattr.obj
d:\mcad\mdev01t\mcad\md\debug\mmyane.obj
d:\mcad\mdev01t\mcad\md\debug\mmwndksetstatusbar.obj
d:\mcad\mdev01t\mcad\md\debug\mmwndkinp.obj
d:\mcad\mdev01t\mcad\md\debug\mmwndkdrawparts.obj
d:\mcad\mdev01t\mcad\md\debug\mmwndkdrawkiso.obj
d:\mcad\mdev01t\mcad\mcad\debug\md.ilk
d:\mcad\mdev01t\mcad\mcad\debug\md.dll
d:\mcad\mdev01t\mcad\mcad\debug\md.pdb
d:\mcad\mdev01t\mcad\mcad\debug\md.lib
d:\mcad\mdev01t\mcad\mcad\debug\md.exp
d:\mcad\mdev01t\mcad\md\debug\md.res
d:\mcad\mdev01t\mcad\md\debug\md.tlog\cl.command.1.tlog
d:\mcad\mdev01t\mcad\md\debug\md.tlog\cl.read.1.tlog
d:\mcad\mdev01t\mcad\md\debug\md.tlog\cl.write.1.tlog
d:\mcad\mdev01t\mcad\md\debug\md.tlog\link.command.1.tlog
d:\mcad\mdev01t\mcad\md\debug\md.tlog\link.read.1.tlog
d:\mcad\mdev01t\mcad\md\debug\md.tlog\link.write.1.tlog
d:\mcad\mdev01t\mcad\md\debug\md.tlog\md.write.1u.tlog
d:\mcad\mdev01t\mcad\md\debug\md.tlog\rc.command.1.tlog
d:\mcad\mdev01t\mcad\md\debug\md.tlog\rc.read.1.tlog
d:\mcad\mdev01t\mcad\md\debug\md.tlog\rc.write.1.tlog
