d:\mcad\mdev01t\mcad\mn\debug\mn.pch
d:\mcad\mdev01t\mcad\mn\debug\vc141.pdb
d:\mcad\mdev01t\mcad\mn\debug\stdafx.obj
d:\mcad\mdev01t\mcad\mn\debug\mnmakedisplaylist.obj
d:\mcad\mdev01t\mcad\mn\debug\mndispmodel.obj
d:\mcad\mdev01t\mcad\mn\debug\mn.obj
d:\mcad\mdev01t\mcad\mcad\debug\mn.ilk
d:\mcad\mdev01t\mcad\mcad\debug\mn.dll
d:\mcad\mdev01t\mcad\mcad\debug\mn.pdb
d:\mcad\mdev01t\mcad\mcad\debug\mn.lib
d:\mcad\mdev01t\mcad\mcad\debug\mn.exp
d:\mcad\mdev01t\mcad\mn\debug\mn.res
d:\mcad\mdev01t\mcad\mn\debug\mn.tlog\cl.command.1.tlog
d:\mcad\mdev01t\mcad\mn\debug\mn.tlog\cl.read.1.tlog
d:\mcad\mdev01t\mcad\mn\debug\mn.tlog\cl.write.1.tlog
d:\mcad\mdev01t\mcad\mn\debug\mn.tlog\link.command.1.tlog
d:\mcad\mdev01t\mcad\mn\debug\mn.tlog\link.read.1.tlog
d:\mcad\mdev01t\mcad\mn\debug\mn.tlog\link.write.1.tlog
d:\mcad\mdev01t\mcad\mn\debug\mn.tlog\mn.write.1u.tlog
d:\mcad\mdev01t\mcad\mn\debug\mn.tlog\rc.command.1.tlog
d:\mcad\mdev01t\mcad\mn\debug\mn.tlog\rc.read.1.tlog
d:\mcad\mdev01t\mcad\mn\debug\mn.tlog\rc.write.1.tlog
