d:\mcad\mdev01t\mcad\mwin\debug\mwin.pch
d:\mcad\mdev01t\mcad\mwin\debug\vc141.pdb
d:\mcad\mdev01t\mcad\mwin\debug\stdafx.obj
d:\mcad\mdev01t\mcad\mwin\debug\mbcodtlerance.obj
d:\mcad\mdev01t\mcad\mwin\debug\mbcod.obj
d:\mcad\mdev01t\mcad\mwin\debug\mwin.obj
d:\mcad\mdev01t\mcad\mcad\debug\mwin.ilk
d:\mcad\mdev01t\mcad\mcad\debug\mwin.dll
d:\mcad\mdev01t\mcad\mcad\debug\mwin.pdb
d:\mcad\mdev01t\mcad\mcad\debug\mwin.lib
d:\mcad\mdev01t\mcad\mcad\debug\mwin.exp
d:\mcad\mdev01t\mcad\mwin\debug\mwin.res
d:\mcad\mdev01t\mcad\mwin\debug\mwin.tlog\cl.command.1.tlog
d:\mcad\mdev01t\mcad\mwin\debug\mwin.tlog\cl.read.1.tlog
d:\mcad\mdev01t\mcad\mwin\debug\mwin.tlog\cl.write.1.tlog
d:\mcad\mdev01t\mcad\mwin\debug\mwin.tlog\link.command.1.tlog
d:\mcad\mdev01t\mcad\mwin\debug\mwin.tlog\link.read.1.tlog
d:\mcad\mdev01t\mcad\mwin\debug\mwin.tlog\link.write.1.tlog
d:\mcad\mdev01t\mcad\mwin\debug\mwin.tlog\mwin.write.1u.tlog
d:\mcad\mdev01t\mcad\mwin\debug\mwin.tlog\rc.command.1.tlog
d:\mcad\mdev01t\mcad\mwin\debug\mwin.tlog\rc.read.1.tlog
d:\mcad\mdev01t\mcad\mwin\debug\mwin.tlog\rc.write.1.tlog
