d:\mcad\mdev01t\mcad\mcad\debug\mcad.pch
d:\mcad\mdev01t\mcad\mcad\debug\vc141.pdb
d:\mcad\mdev01t\mcad\mcad\debug\stdafx.obj
d:\mcad\mdev01t\mcad\mcad\debug\mcadapi.obj
d:\mcad\mdev01t\mcad\mcad\debug\m3view.obj
d:\mcad\mdev01t\mcad\mcad\debug\wrapperview.obj
d:\mcad\mdev01t\mcad\mcad\debug\mcadapp.obj
d:\mcad\mdev01t\mcad\mcad\debug\mainfrm.obj
d:\mcad\mdev01t\mcad\mcad\debug\childview5.obj
d:\mcad\mdev01t\mcad\mcad\debug\childview4.obj
d:\mcad\mdev01t\mcad\mcad\debug\childview3.obj
d:\mcad\mdev01t\mcad\mcad\debug\childview2.obj
d:\mcad\mdev01t\mcad\mcad\debug\childview1.obj
d:\mcad\mdev01t\mcad\mcad\debug\childfrm5.obj
d:\mcad\mdev01t\mcad\mcad\debug\childfrm4.obj
d:\mcad\mdev01t\mcad\mcad\debug\childfrm3.obj
d:\mcad\mdev01t\mcad\mcad\debug\childfrm2.obj
d:\mcad\mdev01t\mcad\mcad\debug\childfrm1.obj
d:\mcad\mdev01t\mcad\mcad\debug\gllib.obj
d:\mcad\mdev01t\mcad\mcad\debug\mcad.ilk
d:\mcad\mdev01t\mcad\mcad\debug\mcad.exe
d:\mcad\mdev01t\mcad\mcad\debug\mcad.pdb
d:\mcad\mdev01t\mcad\mcad\debug\mcad.res
d:\mcad\mdev01t\mcad\mcad\debug\mbasic.ilk
d:\mcad\mdev01t\mcad\mcad\debug\mcmd.ilk
d:\mcad\mdev01t\mcad\mcad\debug\mcmd1.ilk
d:\mcad\mdev01t\mcad\mcad\debug\mcmd2.ilk
d:\mcad\mdev01t\mcad\mcad\debug\mcmd3.ilk
d:\mcad\mdev01t\mcad\mcad\debug\mcmd4.ilk
d:\mcad\mdev01t\mcad\mcad\debug\mcmd5.ilk
d:\mcad\mdev01t\mcad\mcad\debug\mcmd6.ilk
d:\mcad\mdev01t\mcad\mcad\debug\mcmd7.ilk
d:\mcad\mdev01t\mcad\mcad\debug\md.ilk
d:\mcad\mdev01t\mcad\mcad\debug\mgeo.ilk
d:\mcad\mdev01t\mcad\mcad\debug\mn.ilk
d:\mcad\mdev01t\mcad\mcad\debug\msub.ilk
d:\mcad\mdev01t\mcad\mcad\debug\mwin.ilk
d:\mcad\mdev01t\mcad\mcad\debug\mbasic.exp
d:\mcad\mdev01t\mcad\mcad\debug\mcmd.exp
d:\mcad\mdev01t\mcad\mcad\debug\mcmd1.exp
d:\mcad\mdev01t\mcad\mcad\debug\mcmd2.exp
d:\mcad\mdev01t\mcad\mcad\debug\mcmd3.exp
d:\mcad\mdev01t\mcad\mcad\debug\mcmd4.exp
d:\mcad\mdev01t\mcad\mcad\debug\mcmd5.exp
d:\mcad\mdev01t\mcad\mcad\debug\mcmd6.exp
d:\mcad\mdev01t\mcad\mcad\debug\mcmd7.exp
d:\mcad\mdev01t\mcad\mcad\debug\md.exp
d:\mcad\mdev01t\mcad\mcad\debug\mgeo.exp
d:\mcad\mdev01t\mcad\mcad\debug\mn.exp
d:\mcad\mdev01t\mcad\mcad\debug\msub.exp
d:\mcad\mdev01t\mcad\mcad\debug\mwin.exp
d:\mcad\mdev01t\mcad\mcad\debug\mbasic.pdb
d:\mcad\mdev01t\mcad\mcad\debug\mcmd.pdb
d:\mcad\mdev01t\mcad\mcad\debug\mcmd1.pdb
d:\mcad\mdev01t\mcad\mcad\debug\mcmd2.pdb
d:\mcad\mdev01t\mcad\mcad\debug\mcmd3.pdb
d:\mcad\mdev01t\mcad\mcad\debug\mcmd4.pdb
d:\mcad\mdev01t\mcad\mcad\debug\mcmd5.pdb
d:\mcad\mdev01t\mcad\mcad\debug\mcmd6.pdb
d:\mcad\mdev01t\mcad\mcad\debug\mcmd7.pdb
d:\mcad\mdev01t\mcad\mcad\debug\md.pdb
d:\mcad\mdev01t\mcad\mcad\debug\mgeo.pdb
d:\mcad\mdev01t\mcad\mcad\debug\mn.pdb
d:\mcad\mdev01t\mcad\mcad\debug\msub.pdb
d:\mcad\mdev01t\mcad\mcad\debug\mwin.pdb
d:\mcad\mdev01t\mcad\mcad\debug\mcad.tlog\cl.command.1.tlog
d:\mcad\mdev01t\mcad\mcad\debug\mcad.tlog\cl.read.1.tlog
d:\mcad\mdev01t\mcad\mcad\debug\mcad.tlog\cl.write.1.tlog
d:\mcad\mdev01t\mcad\mcad\debug\mcad.tlog\link.command.1.tlog
d:\mcad\mdev01t\mcad\mcad\debug\mcad.tlog\link.read.1.tlog
d:\mcad\mdev01t\mcad\mcad\debug\mcad.tlog\link.write.1.tlog
d:\mcad\mdev01t\mcad\mcad\debug\mcad.tlog\rc.command.1.tlog
d:\mcad\mdev01t\mcad\mcad\debug\mcad.tlog\rc.read.1.tlog
d:\mcad\mdev01t\mcad\mcad\debug\mcad.tlog\rc.write.1.tlog
