d:\mcad\mdev01t\mcad\mgeo\debug\mgeo.pch
d:\mcad\mdev01t\mcad\mgeo\debug\vc141.pdb
d:\mcad\mdev01t\mcad\mgeo\debug\stdafx.obj
d:\mcad\mdev01t\mcad\mgeo\debug\mgpolyline.obj
d:\mcad\mdev01t\mcad\mgeo\debug\mgpolygon.obj
d:\mcad\mdev01t\mcad\mgeo\debug\mgpoint.obj
d:\mcad\mdev01t\mcad\mgeo\debug\mgplane.obj
d:\mcad\mdev01t\mcad\mgeo\debug\mgperp.obj
d:\mcad\mdev01t\mcad\mgeo\debug\mgon.obj
d:\mcad\mdev01t\mcad\mgeo\debug\mgmove.obj
d:\mcad\mdev01t\mcad\mgeo\debug\mgmerge.obj
d:\mcad\mdev01t\mcad\mgeo\debug\mgmat.obj
d:\mcad\mdev01t\mcad\mgeo\debug\mgline.obj
d:\mcad\mdev01t\mcad\mgeo\debug\mgkeijou.obj
d:\mcad\mdev01t\mcad\mgeo\debug\mgintr.obj
d:\mcad\mdev01t\mcad\mgeo\debug\mginit.obj
d:\mcad\mdev01t\mcad\mgeo\debug\mggeo.obj
d:\mcad\mdev01t\mcad\mgeo\debug\mgeo.obj
d:\mcad\mdev01t\mcad\mgeo\debug\mgdivide.obj
d:\mcad\mdev01t\mcad\mgeo\debug\mgdist.obj
d:\mcad\mdev01t\mcad\mgeo\debug\mgcircle.obj
d:\mcad\mdev01t\mcad\mgeo\debug\mgarc.obj
d:\mcad\mdev01t\mcad\mgeo\debug\mgangle.obj
d:\mcad\mdev01t\mcad\mgeo\debug\mgsval.obj
d:\mcad\mdev01t\mcad\mgeo\debug\mgsort.obj
d:\mcad\mdev01t\mcad\mgeo\debug\mgrect.obj
d:\mcad\mdev01t\mcad\mcad\debug\mgeo.ilk
d:\mcad\mdev01t\mcad\mcad\debug\mgeo.dll
d:\mcad\mdev01t\mcad\mcad\debug\mgeo.pdb
d:\mcad\mdev01t\mcad\mcad\debug\mgeo.lib
d:\mcad\mdev01t\mcad\mcad\debug\mgeo.exp
d:\mcad\mdev01t\mcad\mgeo\debug\mgeo.res
d:\mcad\mdev01t\mcad\mgeo\debug\mgeo.tlog\cl.command.1.tlog
d:\mcad\mdev01t\mcad\mgeo\debug\mgeo.tlog\cl.read.1.tlog
d:\mcad\mdev01t\mcad\mgeo\debug\mgeo.tlog\cl.write.1.tlog
d:\mcad\mdev01t\mcad\mgeo\debug\mgeo.tlog\link.command.1.tlog
d:\mcad\mdev01t\mcad\mgeo\debug\mgeo.tlog\link.read.1.tlog
d:\mcad\mdev01t\mcad\mgeo\debug\mgeo.tlog\link.write.1.tlog
d:\mcad\mdev01t\mcad\mgeo\debug\mgeo.tlog\mgeo.write.1u.tlog
d:\mcad\mdev01t\mcad\mgeo\debug\mgeo.tlog\rc.command.1.tlog
d:\mcad\mdev01t\mcad\mgeo\debug\mgeo.tlog\rc.read.1.tlog
d:\mcad\mdev01t\mcad\mgeo\debug\mgeo.tlog\rc.write.1.tlog
