d:\mcad\mdev01t\mcad\mcmd4\debug\mcmd4.pch
d:\mcad\mdev01t\mcad\mcmd4\debug\vc141.pdb
d:\mcad\mdev01t\mcad\mcmd4\debug\stdafx.obj
d:\mcad\mdev01t\mcad\mcmd4\debug\mmdialoggrid.obj
d:\mcad\mdev01t\mcad\mcmd4\debug\mcmdgridnum.obj
d:\mcad\mdev01t\mcad\mcmd4\debug\mcmd4.obj
d:\mcad\mdev01t\mcad\mcad\debug\mcmd4.ilk
d:\mcad\mdev01t\mcad\mcad\debug\mcmd4.dll
d:\mcad\mdev01t\mcad\mcad\debug\mcmd4.pdb
d:\mcad\mdev01t\mcad\mcad\debug\mcmd4.lib
d:\mcad\mdev01t\mcad\mcad\debug\mcmd4.exp
d:\mcad\mdev01t\mcad\mcmd4\debug\mcmd4.res
d:\mcad\mdev01t\mcad\mcmd4\debug\mcmd4.tlog\cl.command.1.tlog
d:\mcad\mdev01t\mcad\mcmd4\debug\mcmd4.tlog\cl.read.1.tlog
d:\mcad\mdev01t\mcad\mcmd4\debug\mcmd4.tlog\cl.write.1.tlog
d:\mcad\mdev01t\mcad\mcmd4\debug\mcmd4.tlog\link.command.1.tlog
d:\mcad\mdev01t\mcad\mcmd4\debug\mcmd4.tlog\link.read.1.tlog
d:\mcad\mdev01t\mcad\mcmd4\debug\mcmd4.tlog\link.write.1.tlog
d:\mcad\mdev01t\mcad\mcmd4\debug\mcmd4.tlog\mcmd4.write.1u.tlog
d:\mcad\mdev01t\mcad\mcmd4\debug\mcmd4.tlog\rc.command.1.tlog
d:\mcad\mdev01t\mcad\mcmd4\debug\mcmd4.tlog\rc.read.1.tlog
d:\mcad\mdev01t\mcad\mcmd4\debug\mcmd4.tlog\rc.write.1.tlog
