d:\mcad\mdev01t\mcad\mcmd7\debug\mcmd7.pch
d:\mcad\mdev01t\mcad\mcmd7\debug\vc141.pdb
d:\mcad\mdev01t\mcad\mcmd7\debug\stdafx.obj
d:\mcad\mdev01t\mcad\mcmd7\debug\mcmd7.obj
d:\mcad\mdev01t\mcad\mcad\debug\mcmd7.ilk
d:\mcad\mdev01t\mcad\mcad\debug\mcmd7.dll
d:\mcad\mdev01t\mcad\mcad\debug\mcmd7.pdb
d:\mcad\mdev01t\mcad\mcad\debug\mcmd7.lib
d:\mcad\mdev01t\mcad\mcad\debug\mcmd7.exp
d:\mcad\mdev01t\mcad\mcmd7\debug\mcmd7.res
d:\mcad\mdev01t\mcad\mcmd7\debug\mcmd7.tlog\cl.command.1.tlog
d:\mcad\mdev01t\mcad\mcmd7\debug\mcmd7.tlog\cl.read.1.tlog
d:\mcad\mdev01t\mcad\mcmd7\debug\mcmd7.tlog\cl.write.1.tlog
d:\mcad\mdev01t\mcad\mcmd7\debug\mcmd7.tlog\link.command.1.tlog
d:\mcad\mdev01t\mcad\mcmd7\debug\mcmd7.tlog\link.read.1.tlog
d:\mcad\mdev01t\mcad\mcmd7\debug\mcmd7.tlog\link.write.1.tlog
d:\mcad\mdev01t\mcad\mcmd7\debug\mcmd7.tlog\mcmd7.write.1u.tlog
d:\mcad\mdev01t\mcad\mcmd7\debug\mcmd7.tlog\rc.command.1.tlog
d:\mcad\mdev01t\mcad\mcmd7\debug\mcmd7.tlog\rc.read.1.tlog
d:\mcad\mdev01t\mcad\mcmd7\debug\mcmd7.tlog\rc.write.1.tlog
