d:\mcad\mdev01t\mcad\mcmd1\debug\mcmd1.pch
d:\mcad\mdev01t\mcad\mcmd1\debug\vc141.pdb
d:\mcad\mdev01t\mcad\mcmd1\debug\stdafx.obj
d:\mcad\mdev01t\mcad\mcmd1\debug\mcmdtest001.obj
d:\mcad\mdev01t\mcad\mcmd1\debug\mcmdsekkei.obj
d:\mcad\mdev01t\mcad\mcmd1\debug\mcmdseizu.obj
d:\mcad\mdev01t\mcad\mcmd1\debug\mcmdcyuki.obj
d:\mcad\mdev01t\mcad\mcmd1\debug\mcmd1.obj
d:\mcad\mdev01t\mcad\mcad\debug\mcmd1.ilk
d:\mcad\mdev01t\mcad\mcad\debug\mcmd1.dll
d:\mcad\mdev01t\mcad\mcad\debug\mcmd1.pdb
d:\mcad\mdev01t\mcad\mcad\debug\mcmd1.lib
d:\mcad\mdev01t\mcad\mcad\debug\mcmd1.exp
d:\mcad\mdev01t\mcad\mcmd1\debug\mcmd1.res
d:\mcad\mdev01t\mcad\mcmd1\debug\mcmd1.tlog\cl.command.1.tlog
d:\mcad\mdev01t\mcad\mcmd1\debug\mcmd1.tlog\cl.read.1.tlog
d:\mcad\mdev01t\mcad\mcmd1\debug\mcmd1.tlog\cl.write.1.tlog
d:\mcad\mdev01t\mcad\mcmd1\debug\mcmd1.tlog\link.command.1.tlog
d:\mcad\mdev01t\mcad\mcmd1\debug\mcmd1.tlog\link.read.1.tlog
d:\mcad\mdev01t\mcad\mcmd1\debug\mcmd1.tlog\link.write.1.tlog
d:\mcad\mdev01t\mcad\mcmd1\debug\mcmd1.tlog\mcmd1.write.1u.tlog
d:\mcad\mdev01t\mcad\mcmd1\debug\mcmd1.tlog\rc.command.1.tlog
d:\mcad\mdev01t\mcad\mcmd1\debug\mcmd1.tlog\rc.read.1.tlog
d:\mcad\mdev01t\mcad\mcmd1\debug\mcmd1.tlog\rc.write.1.tlog
