d:\mcad\mdev01t\mcad\msub\debug\msub.pch
d:\mcad\mdev01t\mcad\msub\debug\vc141.pdb
d:\mcad\mdev01t\mcad\msub\debug\stdafx.obj
d:\mcad\mdev01t\mcad\msub\debug\mmsystemproperty.obj
d:\mcad\mdev01t\mcad\msub\debug\mdgrobal.obj
d:\mcad\mdev01t\mcad\msub\debug\mdcmderrorprompt.obj
d:\mcad\mdev01t\mcad\msub\debug\mstime.obj
d:\mcad\mdev01t\mcad\msub\debug\msstring.obj
d:\mcad\mdev01t\mcad\msub\debug\mssort.obj
d:\mcad\mdev01t\mcad\msub\debug\msreg.obj
d:\mcad\mdev01t\mcad\msub\debug\msopenglset.obj
d:\mcad\mdev01t\mcad\msub\debug\msopenglmono.obj
d:\mcad\mdev01t\mcad\msub\debug\mslib.obj
d:\mcad\mdev01t\mcad\msub\debug\msfile.obj
d:\mcad\mdev01t\mcad\msub\debug\mtwaitloop.obj
d:\mcad\mdev01t\mcad\msub\debug\mtsendmessage.obj
d:\mcad\mdev01t\mcad\msub\debug\mtprceventqueue.obj
d:\mcad\mdev01t\mcad\msub\debug\mtinpeventqueue.obj
d:\mcad\mdev01t\mcad\msub\debug\mtinpeventfilter.obj
d:\mcad\mdev01t\mcad\msub\debug\mtbuildprcevent.obj
d:\mcad\mdev01t\mcad\msub\debug\mtaskforpoint.obj
d:\mcad\mdev01t\mcad\msub\debug\mcadglobal.obj
d:\mcad\mdev01t\mcad\msub\debug\msub.obj
d:\mcad\mdev01t\mcad\msub\debug\jcmarker.obj
d:\mcad\mdev01t\mcad\msub\debug\jcmainct.obj
d:\mcad\mdev01t\mcad\msub\debug\jcinit.obj
d:\mcad\mdev01t\mcad\msub\debug\jchuff.obj
d:\mcad\mdev01t\mcad\msub\debug\jcdctmgr.obj
d:\mcad\mdev01t\mcad\msub\debug\jccolor.obj
d:\mcad\mdev01t\mcad\msub\debug\jccoefct.obj
d:\mcad\mdev01t\mcad\msub\debug\jcapistd.obj
d:\mcad\mdev01t\mcad\msub\debug\jcapimin.obj
d:\mcad\mdev01t\mcad\msub\debug\titletip.obj
d:\mcad\mdev01t\mcad\msub\debug\inplaceedit.obj
d:\mcad\mdev01t\mcad\msub\debug\gridurlcell.obj
d:\mcad\mdev01t\mcad\msub\debug\griddroptarget.obj
d:\mcad\mdev01t\mcad\msub\debug\gridctrl.obj
d:\mcad\mdev01t\mcad\msub\debug\gridcellnumeric.obj
d:\mcad\mdev01t\mcad\msub\debug\gridcelldatetime.obj
d:\mcad\mdev01t\mcad\msub\debug\gridcellcombo.obj
d:\mcad\mdev01t\mcad\msub\debug\gridcellcheck.obj
d:\mcad\mdev01t\mcad\msub\debug\gridcellbase.obj
d:\mcad\mdev01t\mcad\msub\debug\gridcell.obj
d:\mcad\mdev01t\mcad\msub\debug\jdmerge.obj
d:\mcad\mdev01t\mcad\msub\debug\jdmaster.obj
d:\mcad\mdev01t\mcad\msub\debug\jdmarker.obj
d:\mcad\mdev01t\mcad\msub\debug\jdmainct.obj
d:\mcad\mdev01t\mcad\msub\debug\jdinput.obj
d:\mcad\mdev01t\mcad\msub\debug\jdhuff.obj
d:\mcad\mdev01t\mcad\msub\debug\jddctmgr.obj
d:\mcad\mdev01t\mcad\msub\debug\jdcolor.obj
d:\mcad\mdev01t\mcad\msub\debug\jdcoefct.obj
d:\mcad\mdev01t\mcad\msub\debug\jdatasrc.obj
d:\mcad\mdev01t\mcad\msub\debug\jdatadst.obj
d:\mcad\mdev01t\mcad\msub\debug\jdapistd.obj
d:\mcad\mdev01t\mcad\msub\debug\jdapimin.obj
d:\mcad\mdev01t\mcad\msub\debug\jctrans.obj
d:\mcad\mdev01t\mcad\msub\debug\jcsample.obj
d:\mcad\mdev01t\mcad\msub\debug\jcprepct.obj
d:\mcad\mdev01t\mcad\msub\debug\jcphuff.obj
d:\mcad\mdev01t\mcad\msub\debug\jcparam.obj
d:\mcad\mdev01t\mcad\msub\debug\jcomapi.obj
d:\mcad\mdev01t\mcad\msub\debug\jcmaster.obj
d:\mcad\mdev01t\mcad\msub\debug\msjpegerrexit.obj
d:\mcad\mdev01t\mcad\msub\debug\msjpegbmptojpg.obj
d:\mcad\mdev01t\mcad\msub\debug\msjpeg.obj
d:\mcad\mdev01t\mcad\msub\debug\jutils.obj
d:\mcad\mdev01t\mcad\msub\debug\jquant2.obj
d:\mcad\mdev01t\mcad\msub\debug\jquant1.obj
d:\mcad\mdev01t\mcad\msub\debug\jmemnobs.obj
d:\mcad\mdev01t\mcad\msub\debug\jmemmgr.obj
d:\mcad\mdev01t\mcad\msub\debug\jidctred.obj
d:\mcad\mdev01t\mcad\msub\debug\jidctint.obj
d:\mcad\mdev01t\mcad\msub\debug\jidctfst.obj
d:\mcad\mdev01t\mcad\msub\debug\jidctflt.obj
d:\mcad\mdev01t\mcad\msub\debug\jfdctint.obj
d:\mcad\mdev01t\mcad\msub\debug\jfdctfst.obj
d:\mcad\mdev01t\mcad\msub\debug\jfdctflt.obj
d:\mcad\mdev01t\mcad\msub\debug\jerror.obj
d:\mcad\mdev01t\mcad\msub\debug\jdtrans.obj
d:\mcad\mdev01t\mcad\msub\debug\jdsample.obj
d:\mcad\mdev01t\mcad\msub\debug\jdpostct.obj
d:\mcad\mdev01t\mcad\msub\debug\jdphuff.obj
d:\mcad\mdev01t\mcad\msub\debug\wrbmp.obj
d:\mcad\mdev01t\mcad\msub\debug\transupp.obj
d:\mcad\mdev01t\mcad\msub\debug\rdbmp.obj
d:\mcad\mdev01t\mcad\msub\debug\msjpegjpgtobmp.obj
d:\mcad\mdev01t\mcad\mcad\debug\msub.ilk
d:\mcad\mdev01t\mcad\mcad\debug\msub.dll
d:\mcad\mdev01t\mcad\mcad\debug\msub.pdb
d:\mcad\mdev01t\mcad\mcad\debug\msub.lib
d:\mcad\mdev01t\mcad\mcad\debug\msub.exp
d:\mcad\mdev01t\mcad\msub\debug\msub.res
d:\mcad\mdev01t\mcad\msub\debug\msub.tlog\cl.command.1.tlog
d:\mcad\mdev01t\mcad\msub\debug\msub.tlog\cl.read.1.tlog
d:\mcad\mdev01t\mcad\msub\debug\msub.tlog\cl.write.1.tlog
d:\mcad\mdev01t\mcad\msub\debug\msub.tlog\link.command.1.tlog
d:\mcad\mdev01t\mcad\msub\debug\msub.tlog\link.read.1.tlog
d:\mcad\mdev01t\mcad\msub\debug\msub.tlog\link.write.1.tlog
d:\mcad\mdev01t\mcad\msub\debug\msub.tlog\msub.write.1u.tlog
d:\mcad\mdev01t\mcad\msub\debug\msub.tlog\rc.command.1.tlog
d:\mcad\mdev01t\mcad\msub\debug\msub.tlog\rc.read.1.tlog
d:\mcad\mdev01t\mcad\msub\debug\msub.tlog\rc.write.1.tlog
