d:\mcad\mdev01t\mcad\mcmd\debug\mcmd.pch
d:\mcad\mdev01t\mcad\mcmd\debug\vc141.pdb
d:\mcad\mdev01t\mcad\mcmd\debug\stdafx.obj
d:\mcad\mdev01t\mcad\mcmd\debug\mcmdwall.obj
d:\mcad\mdev01t\mcad\mcmd\debug\mcmdundo.obj
d:\mcad\mdev01t\mcad\mcmd\debug\mcmdroof.obj
d:\mcad\mdev01t\mcad\mcmd\debug\mcmdparts.obj
d:\mcad\mdev01t\mcad\mcmd\debug\mcmdmodpanelno.obj
d:\mcad\mdev01t\mcad\mcmd\debug\mcmdmodlinelength.obj
d:\mcad\mdev01t\mcad\mcmd\debug\mcmdmode.obj
d:\mcad\mdev01t\mcad\mcmd\debug\mcmdloaddxffile.obj
d:\mcad\mdev01t\mcad\mcmd\debug\mcmdline.obj
d:\mcad\mdev01t\mcad\mcmd\debug\mcmddelete.obj
d:\mcad\mdev01t\mcad\mcmd\debug\mcmd.obj
d:\mcad\mdev01t\mcad\mcad\debug\mcmd.ilk
d:\mcad\mdev01t\mcad\mcad\debug\mcmd.dll
d:\mcad\mdev01t\mcad\mcad\debug\mcmd.pdb
d:\mcad\mdev01t\mcad\mcad\debug\mcmd.lib
d:\mcad\mdev01t\mcad\mcad\debug\mcmd.exp
d:\mcad\mdev01t\mcad\mcmd\debug\mcmd.res
d:\mcad\mdev01t\mcad\mcmd\debug\mcmd.tlog\cl.command.1.tlog
d:\mcad\mdev01t\mcad\mcmd\debug\mcmd.tlog\cl.read.1.tlog
d:\mcad\mdev01t\mcad\mcmd\debug\mcmd.tlog\cl.write.1.tlog
d:\mcad\mdev01t\mcad\mcmd\debug\mcmd.tlog\link.command.1.tlog
d:\mcad\mdev01t\mcad\mcmd\debug\mcmd.tlog\link.read.1.tlog
d:\mcad\mdev01t\mcad\mcmd\debug\mcmd.tlog\link.write.1.tlog
d:\mcad\mdev01t\mcad\mcmd\debug\mcmd.tlog\mcmd.write.1u.tlog
d:\mcad\mdev01t\mcad\mcmd\debug\mcmd.tlog\rc.command.1.tlog
d:\mcad\mdev01t\mcad\mcmd\debug\mcmd.tlog\rc.read.1.tlog
d:\mcad\mdev01t\mcad\mcmd\debug\mcmd.tlog\rc.write.1.tlog
