d:\mcad\mdev01t\mcad\mcmd6\debug\mcmd6.pch
d:\mcad\mdev01t\mcad\mcmd6\debug\vc141.pdb
d:\mcad\mdev01t\mcad\mcmd6\debug\stdafx.obj
d:\mcad\mdev01t\mcad\mcmd6\debug\mmdialogptsedit.obj
d:\mcad\mdev01t\mcad\mcmd6\debug\mcmdpartsedit.obj
d:\mcad\mdev01t\mcad\mcmd6\debug\mcmd6.obj
d:\mcad\mdev01t\mcad\mcad\debug\mcmd6.ilk
d:\mcad\mdev01t\mcad\mcad\debug\mcmd6.dll
d:\mcad\mdev01t\mcad\mcad\debug\mcmd6.pdb
d:\mcad\mdev01t\mcad\mcad\debug\mcmd6.lib
d:\mcad\mdev01t\mcad\mcad\debug\mcmd6.exp
d:\mcad\mdev01t\mcad\mcmd6\debug\mcmd6.res
d:\mcad\mdev01t\mcad\mcmd6\debug\mcmd6.tlog\cl.command.1.tlog
d:\mcad\mdev01t\mcad\mcmd6\debug\mcmd6.tlog\cl.read.1.tlog
d:\mcad\mdev01t\mcad\mcmd6\debug\mcmd6.tlog\cl.write.1.tlog
d:\mcad\mdev01t\mcad\mcmd6\debug\mcmd6.tlog\link.command.1.tlog
d:\mcad\mdev01t\mcad\mcmd6\debug\mcmd6.tlog\link.read.1.tlog
d:\mcad\mdev01t\mcad\mcmd6\debug\mcmd6.tlog\link.write.1.tlog
d:\mcad\mdev01t\mcad\mcmd6\debug\mcmd6.tlog\mcmd6.write.1u.tlog
d:\mcad\mdev01t\mcad\mcmd6\debug\mcmd6.tlog\rc.command.1.tlog
d:\mcad\mdev01t\mcad\mcmd6\debug\mcmd6.tlog\rc.read.1.tlog
d:\mcad\mdev01t\mcad\mcmd6\debug\mcmd6.tlog\rc.write.1.tlog
