d:\mcad\mdev01t\mcad\mbasic\debug\mbasic.pch
d:\mcad\mdev01t\mcad\mbasic\debug\vc141.pdb
d:\mcad\mdev01t\mcad\mbasic\debug\stdafx.obj
d:\mcad\mdev01t\mcad\mbasic\debug\mbsyserror.obj
d:\mcad\mdev01t\mcad\mbasic\debug\mbsynchroobj.obj
d:\mcad\mdev01t\mcad\mbasic\debug\mbslist.obj
d:\mcad\mdev01t\mcad\mbasic\debug\mbplex.obj
d:\mcad\mdev01t\mcad\mbasic\debug\mblist.obj
d:\mcad\mdev01t\mcad\mbasic\debug\mbfile.obj
d:\mcad\mdev01t\mcad\mbasic\debug\mbdebug.obj
d:\mcad\mdev01t\mcad\mbasic\debug\mbcriticalsection.obj
d:\mcad\mdev01t\mcad\mbasic\debug\mbbasic.obj
d:\mcad\mdev01t\mcad\mbasic\debug\mbasic.obj
d:\mcad\mdev01t\mcad\mcad\debug\mbasic.ilk
d:\mcad\mdev01t\mcad\mcad\debug\mbasic.dll
d:\mcad\mdev01t\mcad\mcad\debug\mbasic.pdb
d:\mcad\mdev01t\mcad\mcad\debug\mbasic.lib
d:\mcad\mdev01t\mcad\mcad\debug\mbasic.exp
d:\mcad\mdev01t\mcad\mbasic\debug\mbasic.res
d:\mcad\mdev01t\mcad\mbasic\debug\mbasic.tlog\cl.command.1.tlog
d:\mcad\mdev01t\mcad\mbasic\debug\mbasic.tlog\cl.read.1.tlog
d:\mcad\mdev01t\mcad\mbasic\debug\mbasic.tlog\cl.write.1.tlog
d:\mcad\mdev01t\mcad\mbasic\debug\mbasic.tlog\link.command.1.tlog
d:\mcad\mdev01t\mcad\mbasic\debug\mbasic.tlog\link.read.1.tlog
d:\mcad\mdev01t\mcad\mbasic\debug\mbasic.tlog\link.write.1.tlog
d:\mcad\mdev01t\mcad\mbasic\debug\mbasic.tlog\mbasic.write.1u.tlog
d:\mcad\mdev01t\mcad\mbasic\debug\mbasic.tlog\rc.command.1.tlog
d:\mcad\mdev01t\mcad\mbasic\debug\mbasic.tlog\rc.read.1.tlog
d:\mcad\mdev01t\mcad\mbasic\debug\mbasic.tlog\rc.write.1.tlog
