d:\mcad\mdev01t\mcad\mcmd3\debug\mcmd3.pch
d:\mcad\mdev01t\mcad\mcmd3\debug\vc141.pdb
d:\mcad\mdev01t\mcad\mcmd3\debug\stdafx.obj
d:\mcad\mdev01t\mcad\mcmd3\debug\mmdialogopt.obj
d:\mcad\mdev01t\mcad\mcmd3\debug\mcmdopt.obj
d:\mcad\mdev01t\mcad\mcmd3\debug\mcmd3.obj
d:\mcad\mdev01t\mcad\mcad\debug\mcmd3.ilk
d:\mcad\mdev01t\mcad\mcad\debug\mcmd3.dll
d:\mcad\mdev01t\mcad\mcad\debug\mcmd3.pdb
d:\mcad\mdev01t\mcad\mcad\debug\mcmd3.lib
d:\mcad\mdev01t\mcad\mcad\debug\mcmd3.exp
d:\mcad\mdev01t\mcad\mcmd3\debug\mcmd3.res
d:\mcad\mdev01t\mcad\mcmd3\debug\mcmd3.tlog\cl.command.1.tlog
d:\mcad\mdev01t\mcad\mcmd3\debug\mcmd3.tlog\cl.read.1.tlog
d:\mcad\mdev01t\mcad\mcmd3\debug\mcmd3.tlog\cl.write.1.tlog
d:\mcad\mdev01t\mcad\mcmd3\debug\mcmd3.tlog\link.command.1.tlog
d:\mcad\mdev01t\mcad\mcmd3\debug\mcmd3.tlog\link.read.1.tlog
d:\mcad\mdev01t\mcad\mcmd3\debug\mcmd3.tlog\link.write.1.tlog
d:\mcad\mdev01t\mcad\mcmd3\debug\mcmd3.tlog\mcmd3.write.1u.tlog
d:\mcad\mdev01t\mcad\mcmd3\debug\mcmd3.tlog\rc.command.1.tlog
d:\mcad\mdev01t\mcad\mcmd3\debug\mcmd3.tlog\rc.read.1.tlog
d:\mcad\mdev01t\mcad\mcmd3\debug\mcmd3.tlog\rc.write.1.tlog
