d:\mcad\mdev01t\mcad\mcmd5\debug\mcmd5.pch
d:\mcad\mdev01t\mcad\mcmd5\debug\vc141.pdb
d:\mcad\mdev01t\mcad\mcmd5\debug\stdafx.obj
d:\mcad\mdev01t\mcad\mcmd5\debug\mmdialogtenkai.obj
d:\mcad\mdev01t\mcad\mcmd5\debug\mcmdtenkai.obj
d:\mcad\mdev01t\mcad\mcmd5\debug\mcmd5.obj
d:\mcad\mdev01t\mcad\mcad\debug\mcmd5.ilk
d:\mcad\mdev01t\mcad\mcad\debug\mcmd5.dll
d:\mcad\mdev01t\mcad\mcad\debug\mcmd5.pdb
d:\mcad\mdev01t\mcad\mcad\debug\mcmd5.lib
d:\mcad\mdev01t\mcad\mcad\debug\mcmd5.exp
d:\mcad\mdev01t\mcad\mcmd5\debug\mcmd5.res
d:\mcad\mdev01t\mcad\mcmd5\debug\mcmd5.tlog\cl.command.1.tlog
d:\mcad\mdev01t\mcad\mcmd5\debug\mcmd5.tlog\cl.read.1.tlog
d:\mcad\mdev01t\mcad\mcmd5\debug\mcmd5.tlog\cl.write.1.tlog
d:\mcad\mdev01t\mcad\mcmd5\debug\mcmd5.tlog\link.command.1.tlog
d:\mcad\mdev01t\mcad\mcmd5\debug\mcmd5.tlog\link.read.1.tlog
d:\mcad\mdev01t\mcad\mcmd5\debug\mcmd5.tlog\link.write.1.tlog
d:\mcad\mdev01t\mcad\mcmd5\debug\mcmd5.tlog\mcmd5.write.1u.tlog
d:\mcad\mdev01t\mcad\mcmd5\debug\mcmd5.tlog\rc.command.1.tlog
d:\mcad\mdev01t\mcad\mcmd5\debug\mcmd5.tlog\rc.read.1.tlog
d:\mcad\mdev01t\mcad\mcmd5\debug\mcmd5.tlog\rc.write.1.tlog
